<?xml version="1.0" encoding="UTF-8"?>
<!-- Generated by org.testng.reporters.JUnitReportReporter -->
<testsuite skipped="0" hostname="KausikRoy" name="testNG_Autometion.HomeWork_Session5_part2" tests="1" failures="0" timestamp="2020-02-12T14:40:21 CST" time="38.727" errors="0">
  <testcase name="deletingEntryAndValidateDelete" time="38.727" classname="testNG_Autometion.HomeWork_Session5_part2"/>
</testsuite> <!-- testNG_Autometion.HomeWork_Session5_part2 -->
